<?xml version="1.0" encoding="UTF-8"?>
<!-- Generated by org.testng.reporters.JUnitReportReporter -->
<testsuite hostname="Prashant" failures="0" tests="1" name="loginTest.TC_001" time="5.998" errors="0" timestamp="2022-07-29T16:13:22 IST" skipped="0">
  <testcase classname="loginTest.TC_001" name="Test" time="5.998"/>
  <system-out/>
</testsuite> <!-- loginTest.TC_001 -->
